

-------------------------------------------------
CS240: Lab 4. cs240   
Sun Oct  5 23:30:24 EDT 2014
-------------------------------------------------
./gauss                             : 0   of 6  
./gauss   < gauss0.txt              : 0   of 6  
./gauss   < gauss1.txt              : 0   of 6  
./gauss   < gauss2.txt              : 0   of 6  
./gauss   < gauss3.txt              : 0   of 6  
./gauss   < gauss4.txt              : 0   of 6  
./gauss   < gauss5.txt              : 0   of 7  
./gauss   < gauss6.txt              : 0   of 7  
./newton                            : 0   of 7  
./newton pol 1                      : 0   of 7  
./newton poly1 1                    : 0   of 7  
./newton sin 0                      : 0   of 7  
./newton xsin 0                     : 0   of 7  
./newton poly2 0                    : 0   of 7  
./newton imaginary 4                : 0   of 8  
-------------------------------------------------
CS240: Lab 4. cs240 Sun Oct 5 23:30:24 EDT 2014  Total:  0 of 100



-------------------------------------------------
CS240: Lab 4. oawofeso   
Mon Oct 13 21:14:05 EDT 2014
-------------------------------------------------
./gauss                             : 6   of 6  
./gauss   < gauss0.txt              : 6   of 6  
./gauss   < gauss1.txt              : 0   of 6  
./gauss   < gauss2.txt              : 0   of 6  
./gauss   < gauss3.txt              : 0   of 6  
./gauss   < gauss4.txt              : 0   of 6  
./gauss   < gauss5.txt              : 0   of 7  
./gauss   < gauss6.txt              : 0   of 7  
./newton                            : 0   of 7  
./newton pol 1                      : 0   of 7  
./newton poly1 1                    : 0   of 7  
./newton sin 0                      : 0   of 7  
./newton xsin 0                     : 0   of 7  
./newton poly2 0                    : 0   of 7  
./newton imaginary 4                : 0   of 8  
-------------------------------------------------
CS240: Lab 4. oawofeso Mon Oct 13 21:14:05 EDT 2014  Total:  12 of 100



-------------------------------------------------
CS240: Lab 4. oawofeso   
Mon Oct 13 22:50:24 EDT 2014
-------------------------------------------------
./gauss                             : 6   of 6  
./gauss   < gauss0.txt              : 6   of 6  
./gauss   < gauss1.txt              : 0   of 6  
./gauss   < gauss2.txt              : 0   of 6  
./gauss   < gauss3.txt              : 0   of 6  
./gauss   < gauss4.txt              : 0   of 6  
./gauss   < gauss5.txt              : 0   of 7  
./gauss   < gauss6.txt              : 0   of 7  
./newton                            : 0   of 7  
./newton pol 1                      : 0   of 7  
./newton poly1 1                    : 0   of 7  
./newton sin 0                      : 0   of 7  
./newton xsin 0                     : 0   of 7  
./newton poly2 0                    : 0   of 7  
./newton imaginary 4                : 0   of 8  
-------------------------------------------------
CS240: Lab 4. oawofeso Mon Oct 13 22:50:24 EDT 2014  Total:  12 of 100



-------------------------------------------------
CS240: Lab 4. oawofeso   
Mon Oct 13 22:54:43 EDT 2014
-------------------------------------------------
./gauss                             : 6   of 6  
./gauss   < gauss0.txt              : 6   of 6  
./gauss   < gauss1.txt              : 0   of 6  
./gauss   < gauss2.txt              : 0   of 6  
./gauss   < gauss3.txt              : 0   of 6  
./gauss   < gauss4.txt              : 0   of 6  
./gauss   < gauss5.txt              : 0   of 7  
./gauss   < gauss6.txt              : 0   of 7  
./newton                            : 0   of 7  
./newton pol 1                      : 0   of 7  
./newton poly1 1                    : 0   of 7  
./newton sin 0                      : 0   of 7  
./newton xsin 0                     : 0   of 7  
./newton poly2 0                    : 0   of 7  
./newton imaginary 4                : 0   of 8  
-------------------------------------------------
CS240: Lab 4. oawofeso Mon Oct 13 22:54:43 EDT 2014  Total:  12 of 100



-------------------------------------------------
CS240: Lab 4. oawofeso   
Mon Oct 13 22:58:55 EDT 2014
-------------------------------------------------
./gauss                             : 6   of 6  
./gauss   < gauss0.txt              : 6   of 6  
./gauss   < gauss1.txt              : 6   of 6  
./gauss   < gauss2.txt              : 6   of 6  
./gauss   < gauss3.txt              : 0   of 6  
./gauss   < gauss4.txt              : 0   of 6  
./gauss   < gauss5.txt              : 0   of 7  
./gauss   < gauss6.txt              : 0   of 7  
./newton                            : 0   of 7  
./newton pol 1                      : 0   of 7  
./newton poly1 1                    : 0   of 7  
./newton sin 0                      : 0   of 7  
./newton xsin 0                     : 0   of 7  
./newton poly2 0                    : 0   of 7  
./newton imaginary 4                : 0   of 8  
-------------------------------------------------
CS240: Lab 4. oawofeso Mon Oct 13 22:58:55 EDT 2014  Total:  24 of 100



-------------------------------------------------
CS240: Lab 4. oawofeso   
Mon Oct 13 23:03:12 EDT 2014
-------------------------------------------------
./gauss                             : 6   of 6  
./gauss   < gauss0.txt              : 6   of 6  
./gauss   < gauss1.txt              : 6   of 6  
./gauss   < gauss2.txt              : 6   of 6  
./gauss   < gauss3.txt              : 0   of 6  
./gauss   < gauss4.txt              : 0   of 6  
./gauss   < gauss5.txt              : 0   of 7  
./gauss   < gauss6.txt              : 7   of 7  
./newton                            : 0   of 7  
./newton pol 1                      : 0   of 7  
./newton poly1 1                    : 0   of 7  
./newton sin 0                      : 0   of 7  
./newton xsin 0                     : 0   of 7  
./newton poly2 0                    : 0   of 7  
./newton imaginary 4                : 0   of 8  
-------------------------------------------------
CS240: Lab 4. oawofeso Mon Oct 13 23:03:12 EDT 2014  Total:  31 of 100



-------------------------------------------------
CS240: Lab 4. oawofeso   
Mon Oct 13 23:11:22 EDT 2014
-------------------------------------------------
./gauss                             : 6   of 6  
./gauss   < gauss0.txt              : 6   of 6  
./gauss   < gauss1.txt              : 6   of 6  
./gauss   < gauss2.txt              : 6   of 6  
./gauss   < gauss3.txt              : 0   of 6  
./gauss   < gauss4.txt              : 0   of 6  
./gauss   < gauss5.txt              : 0   of 7  
./gauss   < gauss6.txt              : 7   of 7  
./newton                            : 0   of 7  
./newton pol 1                      : 0   of 7  
./newton poly1 1                    : 0   of 7  
./newton sin 0                      : 0   of 7  
./newton xsin 0                     : 0   of 7  
./newton poly2 0                    : 0   of 7  
./newton imaginary 4                : 0   of 8  
-------------------------------------------------
CS240: Lab 4. oawofeso Mon Oct 13 23:11:22 EDT 2014  Total:  31 of 100



-------------------------------------------------
CS240: Lab 4. oawofeso   
Mon Oct 13 23:17:21 EDT 2014
-------------------------------------------------
./gauss                             : 6   of 6  
./gauss   < gauss0.txt              : 6   of 6  
./gauss   < gauss1.txt              : 6   of 6  
./gauss   < gauss2.txt              : 0   of 6  
./gauss   < gauss3.txt              : 6   of 6  
./gauss   < gauss4.txt              : 6   of 6  
./gauss   < gauss5.txt              : 0   of 7  
./gauss   < gauss6.txt              : 7   of 7  
./newton                            : 0   of 7  
./newton pol 1                      : 0   of 7  
./newton poly1 1                    : 0   of 7  
./newton sin 0                      : 0   of 7  
./newton xsin 0                     : 0   of 7  
./newton poly2 0                    : 0   of 7  
./newton imaginary 4                : 0   of 8  
-------------------------------------------------
CS240: Lab 4. oawofeso Mon Oct 13 23:17:21 EDT 2014  Total:  37 of 100



-------------------------------------------------
CS240: Lab 4. oawofeso   
Mon Oct 13 23:21:54 EDT 2014
-------------------------------------------------
./gauss                             : 6   of 6  
./gauss   < gauss0.txt              : 6   of 6  
./gauss   < gauss1.txt              : 6   of 6  
./gauss   < gauss2.txt              : 6   of 6  
./gauss   < gauss3.txt              : 6   of 6  
./gauss   < gauss4.txt              : 6   of 6  
./gauss   < gauss5.txt              : 0   of 7  
./gauss   < gauss6.txt              : 7   of 7  
./newton                            : 0   of 7  
./newton pol 1                      : 0   of 7  
./newton poly1 1                    : 0   of 7  
./newton sin 0                      : 0   of 7  
./newton xsin 0                     : 0   of 7  
./newton poly2 0                    : 0   of 7  
./newton imaginary 4                : 0   of 8  
-------------------------------------------------
CS240: Lab 4. oawofeso Mon Oct 13 23:21:54 EDT 2014  Total:  43 of 100



-------------------------------------------------
CS240: Lab 4. oawofeso   
Mon Oct 13 23:26:24 EDT 2014
-------------------------------------------------
./gauss                             : 6   of 6  
./gauss   < gauss0.txt              : 6   of 6  
./gauss   < gauss1.txt              : 0   of 6  
./gauss   < gauss2.txt              : 6   of 6  
./gauss   < gauss3.txt              : 0   of 6  
./gauss   < gauss4.txt              : 0   of 6  
./gauss   < gauss5.txt              : 0   of 7  
./gauss   < gauss6.txt              : 0   of 7  
./newton                            : 0   of 7  
./newton pol 1                      : 0   of 7  
./newton poly1 1                    : 0   of 7  
./newton sin 0                      : 0   of 7  
./newton xsin 0                     : 0   of 7  
./newton poly2 0                    : 0   of 7  
./newton imaginary 4                : 0   of 8  
-------------------------------------------------
CS240: Lab 4. oawofeso Mon Oct 13 23:26:24 EDT 2014  Total:  18 of 100

