36c36,66
< nElements=0
---
> nElements=30
> name="name0" value="address0"
> name="name1" value="address1"
> name="name2" value="address2"
> name="name3" value="address3"
> name="name4" value="address4"
> name="name5" value="address5"
> name="name6" value="address6"
> name="name7" value="address7"
> name="name8" value="address8"
> name="name9" value="address9"
> name="name10" value="address10"
> name="name11" value="address11"
> name="name12" value="address12"
> name="name13" value="address13"
> name="name14" value="address14"
> name="name15" value="address15"
> name="name16" value="address16"
> name="name17" value="address17"
> name="name18" value="address18"
> name="name19" value="address19"
> name="name20" value="address20"
> name="name21" value="address21"
> name="name22" value="address22"
> name="name23" value="address23"
> name="name24" value="address24"
> name="name25" value="address25"
> name="name26" value="address26"
> name="name27" value="address27"
> name="name28" value="address28"
> name="name29" value="address29"
39c69
< result1=0
---
> result1=1
41c71,100
< nElements=0
---
> nElements=29
> name="name0" value="address0"
> name="name1" value="address1"
> name="name2" value="address2"
> name="name3" value="address3"
> name="name4" value="address4"
> name="name6" value="address6"
> name="name7" value="address7"
> name="name8" value="address8"
> name="name9" value="address9"
> name="name10" value="address10"
> name="name11" value="address11"
> name="name12" value="address12"
> name="name13" value="address13"
> name="name14" value="address14"
> name="name15" value="address15"
> name="name16" value="address16"
> name="name17" value="address17"
> name="name18" value="address18"
> name="name19" value="address19"
> name="name20" value="address20"
> name="name21" value="address21"
> name="name22" value="address22"
> name="name23" value="address23"
> name="name24" value="address24"
> name="name25" value="address25"
> name="name26" value="address26"
> name="name27" value="address27"
> name="name28" value="address28"
> name="name29" value="address29"
44c103
< result2=0
---
> result2=1
46c105,133
< nElements=0
---
> nElements=28
> name="name0" value="address0"
> name="name1" value="address1"
> name="name2" value="address2"
> name="name3" value="address3"
> name="name4" value="address4"
> name="name6" value="address6"
> name="name7" value="address7"
> name="name8" value="address8"
> name="name9" value="address9"
> name="name10" value="address10"
> name="name11" value="address11"
> name="name12" value="address12"
> name="name13" value="address13"
> name="name14" value="address14"
> name="name15" value="address15"
> name="name16" value="address16"
> name="name17" value="address17"
> name="name19" value="address19"
> name="name20" value="address20"
> name="name21" value="address21"
> name="name22" value="address22"
> name="name23" value="address23"
> name="name24" value="address24"
> name="name25" value="address25"
> name="name26" value="address26"
> name="name27" value="address27"
> name="name28" value="address28"
> name="name29" value="address29"
51c138,166
< nElements=0
---
> nElements=28
> name="name0" value="address0"
> name="name1" value="address1"
> name="name2" value="address2"
> name="name3" value="address3"
> name="name4" value="address4"
> name="name6" value="address6"
> name="name7" value="address7"
> name="name8" value="address8"
> name="name9" value="address9"
> name="name10" value="address10"
> name="name11" value="address11"
> name="name12" value="address12"
> name="name13" value="address13"
> name="name14" value="address14"
> name="name15" value="address15"
> name="name16" value="address16"
> name="name17" value="address17"
> name="name19" value="address19"
> name="name20" value="address20"
> name="name21" value="address21"
> name="name22" value="address22"
> name="name23" value="address23"
> name="name24" value="address24"
> name="name25" value="address25"
> name="name26" value="address26"
> name="name27" value="address27"
> name="name28" value="address28"
> name="name29" value="address29"
