#
# There is insufficient memory for the Java Runtime Environment to continue.
# Cannot create GC thread. Out of system resources.
# Possible reasons:
#   The system is out of physical RAM or swap space
#   In 32 bit mode, the process size limit was hit
# Possible solutions:
#   Reduce memory load on the system
#   Increase physical memory or swap space
#   Check if swap backing store is full
#   Use 64 bit Java on a 64 bit OS
#   Decrease Java heap size (-Xmx/-Xms)
#   Decrease number of Java threads
#   Decrease Java thread stack sizes (-Xss)
#   Set larger code cache with -XX:ReservedCodeCacheSize=
# This output file may be truncated or incomplete.
#
#  Out of Memory Error (gcTaskThread.cpp:46), pid=1677, tid=139863969855232
#
# JRE version:  (7.0_45-b18) (build )
# Java VM: Java HotSpot(TM) 64-Bit Server VM (24.45-b08 mixed mode linux-amd64 compressed oops)
# Failed to write core dump. Core dumps have been disabled. To enable core dumping, try "ulimit -c unlimited" before starting Java again
#

---------------  T H R E A D  ---------------

Current thread (0x00000000021b8000):  JavaThread "Unknown thread" [_thread_in_vm, id=1677, stack(0x00007fff17f2f000,0x00007fff1802f000)]

Stack: [0x00007fff17f2f000,0x00007fff1802f000],  sp=0x00007fff180282e0,  free space=996k
Native frames: (J=compiled Java code, j=interpreted, Vv=VM code, C=native code)
V  [libjvm.so+0x992c8a]  VMError::report_and_die()+0x2ea
V  [libjvm.so+0x49319b]  report_vm_out_of_memory(char const*, int, unsigned long, char const*)+0x9b
V  [libjvm.so+0x55130a]  GCTaskThread::GCTaskThread(GCTaskManager*, unsigned int, unsigned int)+0x11a
V  [libjvm.so+0x550888]  GCTaskManager::initialize()+0x2b8
V  [libjvm.so+0x83415c]  ParallelScavengeHeap::initialize()+0x76c
V  [libjvm.so+0x96625a]  Universe::initialize_heap()+0xca
V  [libjvm.so+0x967429]  universe_init()+0x79
V  [libjvm.so+0x5a9645]  init_globals()+0x65
V  [libjvm.so+0x94ed1d]  Threads::create_vm(JavaVMInitArgs*, bool*)+0x1ed
V  [libjvm.so+0x630804]  JNI_CreateJavaVM+0x74
C  [libjli.so+0x2f8e]  JavaMain+0x9e
C  [libjli.so+0xd4d3]  ContinueInNewThread0+0x63
C  [libjli.so+0x258a]  ContinueInNewThread+0x7a
C  [libjli.so+0x50e0]  JLI_Launch+0x480
C  [java+0x686]  __libc_start_main@@GLIBC_2.2.5+0x686


---------------  P R O C E S S  ---------------

Java Threads: ( => current thread )

Other Threads:

=>0x00000000021b8000 (exited) JavaThread "Unknown thread" [_thread_in_vm, id=1677, stack(0x00007fff17f2f000,0x00007fff1802f000)]

VM state:not at safepoint (not fully initialized)

VM Mutex/Monitor currently owned by a thread: None

GC Heap History (0 events):
No events

Deoptimization events (0 events):
No events

Internal exceptions (0 events):
No events

Events (0 events):
No events


Dynamic libraries:
00400000-00401000 r-xp 00000000 08:07 99053                              /usr/opt/oracle-jdk-bin-1.7.0.45/bin/java
00600000-00601000 rw-p 00000000 08:07 99053                              /usr/opt/oracle-jdk-bin-1.7.0.45/bin/java
021af000-021f3000 rw-p 00000000 00:00 0                                  [heap]
77ec00000-780100000 rw-p 00000000 00:00 0 
780100000-783e00000 rw-p 00000000 00:00 0 
783e00000-789080000 rw-p 00000000 00:00 0 
789080000-7d6a00000 rw-p 00000000 00:00 0 
7d6a00000-7d9380000 rw-p 00000000 00:00 0 
7d9380000-800000000 rw-p 00000000 00:00 0 
7f349849a000-7f3498709000 rw-p 00000000 00:00 0 
7f3498709000-7f3498975000 rw-p 00000000 00:00 0 
7f3498975000-7f3498980000 rw-p 00000000 00:00 0 
7f3498980000-7f349899e000 rw-p 00000000 00:00 0 
7f349899e000-7f34989c8000 rw-p 00000000 00:00 0 
7f34989c8000-7f3498c34000 rw-p 00000000 00:00 0 
7f3498c34000-7f3498c49000 rw-p 00000000 00:00 0 
7f3498c49000-7f3498d7f000 rw-p 00000000 00:00 0 
7f3498d7f000-7f3498d8a000 rw-p 00000000 00:00 0 
7f3498d8a000-7f3498e40000 rw-p 00000000 00:00 0 
7f3498e40000-7f34990b0000 rwxp 00000000 00:00 0 
7f34990b0000-7f349be40000 rw-p 00000000 00:00 0 
7f349be40000-7f349be5a000 r-xp 00000000 08:07 60422                      /usr/opt/oracle-jdk-bin-1.7.0.45/jre/lib/amd64/libzip.so
7f349be5a000-7f349c05a000 ---p 0001a000 08:07 60422                      /usr/opt/oracle-jdk-bin-1.7.0.45/jre/lib/amd64/libzip.so
7f349c05a000-7f349c05b000 rw-p 0001a000 08:07 60422                      /usr/opt/oracle-jdk-bin-1.7.0.45/jre/lib/amd64/libzip.so
7f349c05b000-7f349c084000 r-xp 00000000 08:07 60451                      /usr/opt/oracle-jdk-bin-1.7.0.45/jre/lib/amd64/libjava.so
7f349c084000-7f349c284000 ---p 00029000 08:07 60451                      /usr/opt/oracle-jdk-bin-1.7.0.45/jre/lib/amd64/libjava.so
7f349c284000-7f349c286000 rw-p 00029000 08:07 60451                      /usr/opt/oracle-jdk-bin-1.7.0.45/jre/lib/amd64/libjava.so
7f349c286000-7f349c293000 r-xp 00000000 08:07 60428                      /usr/opt/oracle-jdk-bin-1.7.0.45/jre/lib/amd64/libverify.so
7f349c293000-7f349c492000 ---p 0000d000 08:07 60428                      /usr/opt/oracle-jdk-bin-1.7.0.45/jre/lib/amd64/libverify.so
7f349c492000-7f349c494000 rw-p 0000c000 08:07 60428                      /usr/opt/oracle-jdk-bin-1.7.0.45/jre/lib/amd64/libverify.so
7f349c494000-7f349c49b000 r-xp 00000000 08:02 7337                       /lib64/librt-2.16.so
7f349c49b000-7f349c69a000 ---p 00007000 08:02 7337                       /lib64/librt-2.16.so
7f349c69a000-7f349c69b000 r--p 00006000 08:02 7337                       /lib64/librt-2.16.so
7f349c69b000-7f349c69c000 rw-p 00007000 08:02 7337                       /lib64/librt-2.16.so
7f349c69c000-7f349c794000 r-xp 00000000 08:02 7274                       /lib64/libm-2.16.so
7f349c794000-7f349c994000 ---p 000f8000 08:02 7274                       /lib64/libm-2.16.so
7f349c994000-7f349c995000 r--p 000f8000 08:02 7274                       /lib64/libm-2.16.so
7f349c995000-7f349c996000 rw-p 000f9000 08:02 7274                       /lib64/libm-2.16.so
7f349c996000-7f349d4f8000 r-xp 00000000 08:07 60436                      /usr/opt/oracle-jdk-bin-1.7.0.45/jre/lib/amd64/server/libjvm.so
7f349d4f8000-7f349d6f8000 ---p 00b62000 08:07 60436                      /usr/opt/oracle-jdk-bin-1.7.0.45/jre/lib/amd64/server/libjvm.so
7f349d6f8000-7f349d7bb000 rw-p 00b62000 08:07 60436                      /usr/opt/oracle-jdk-bin-1.7.0.45/jre/lib/amd64/server/libjvm.so
7f349d7bb000-7f349d7fc000 rw-p 00000000 00:00 0 
7f349d7fc000-7f349d99a000 r-xp 00000000 08:02 7328                       /lib64/libc-2.16.so
7f349d99a000-7f349db99000 ---p 0019e000 08:02 7328                       /lib64/libc-2.16.so
7f349db99000-7f349db9d000 r--p 0019d000 08:02 7328                       /lib64/libc-2.16.so
7f349db9d000-7f349db9f000 rw-p 001a1000 08:02 7328                       /lib64/libc-2.16.so
7f349db9f000-7f349dba3000 rw-p 00000000 00:00 0 
7f349dba3000-7f349dba6000 r-xp 00000000 08:02 7330                       /lib64/libdl-2.16.so
7f349dba6000-7f349dda5000 ---p 00003000 08:02 7330                       /lib64/libdl-2.16.so
7f349dda5000-7f349dda6000 r--p 00002000 08:02 7330                       /lib64/libdl-2.16.so
7f349dda6000-7f349dda7000 rw-p 00003000 08:02 7330                       /lib64/libdl-2.16.so
7f349dda7000-7f349ddbd000 r-xp 00000000 08:07 106642                     /usr/opt/oracle-jdk-bin-1.7.0.45/lib/amd64/jli/libjli.so
7f349ddbd000-7f349dfbd000 ---p 00016000 08:07 106642                     /usr/opt/oracle-jdk-bin-1.7.0.45/lib/amd64/jli/libjli.so
7f349dfbd000-7f349dfbe000 rw-p 00016000 08:07 106642                     /usr/opt/oracle-jdk-bin-1.7.0.45/lib/amd64/jli/libjli.so
7f349dfbe000-7f349dfd6000 r-xp 00000000 08:02 7325                       /lib64/libpthread-2.16.so
7f349dfd6000-7f349e1d5000 ---p 00018000 08:02 7325                       /lib64/libpthread-2.16.so
7f349e1d5000-7f349e1d6000 r--p 00017000 08:02 7325                       /lib64/libpthread-2.16.so
7f349e1d6000-7f349e1d7000 rw-p 00018000 08:02 7325                       /lib64/libpthread-2.16.so
7f349e1d7000-7f349e1db000 rw-p 00000000 00:00 0 
7f349e1db000-7f349e1fd000 r-xp 00000000 08:02 7305                       /lib64/ld-2.16.so
7f349e277000-7f349e282000 rw-p 00000000 00:00 0 
7f349e282000-7f349e2a0000 rw-p 00000000 00:00 0 
7f349e2a0000-7f349e2d5000 r--s 00000000 08:05 62267                      /var/run/nscd/dbTJEmHq (deleted)
7f349e2d5000-7f349e2d6000 ---p 00000000 00:00 0 
7f349e2d6000-7f349e3da000 rw-p 00000000 00:00 0 
7f349e3ee000-7f349e3f1000 rw-p 00000000 00:00 0 
7f349e3f1000-7f349e3f9000 rw-s 00000000 00:0f 2104290                    /tmp/hsperfdata_oawofeso/1677
7f349e3f9000-7f349e3fa000 rw-p 00000000 00:00 0 
7f349e3fa000-7f349e3fb000 r--p 00000000 00:00 0 
7f349e3fb000-7f349e3fc000 rw-p 00000000 00:00 0 
7f349e3fc000-7f349e3fd000 r--p 00021000 08:02 7305                       /lib64/ld-2.16.so
7f349e3fd000-7f349e3fe000 rw-p 00022000 08:02 7305                       /lib64/ld-2.16.so
7f349e3fe000-7f349e3ff000 rw-p 00000000 00:00 0 
7fff17f2f000-7fff17f32000 ---p 00000000 00:00 0 
7fff17f33000-7fff1802f000 rw-p 00000000 00:00 0                          [stack]
7fff1806a000-7fff1806b000 r-xp 00000000 00:00 0                          [vdso]
ffffffffff600000-ffffffffff601000 r-xp 00000000 00:00 0                  [vsyscall]

VM Arguments:
jvm_args: -Dfile.encoding=ANSI_X3.4-1968 
java_command: Lab14
Launcher Type: SUN_STANDARD

Environment Variables:
PATH=/usr/local/bin:/bin:/usr/bin:/sbin:/usr/sbin:/usr/x86_64-pc-linux-gnu/gcc-bin/4.7.3:/usr/games/bin
USERNAME=oawofeso
LD_LIBRARY_PATH=/usr/lib
SHELL=/usr/local/bin/bash
DISPLAY=:0.0

Signal Handlers:
SIGSEGV: [libjvm.so+0x9935b0], sa_mask[0]=0x7ffbfeff, sa_flags=0x10000004
SIGBUS: [libjvm.so+0x9935b0], sa_mask[0]=0x7ffbfeff, sa_flags=0x10000004
SIGFPE: [libjvm.so+0x810330], sa_mask[0]=0x7ffbfeff, sa_flags=0x10000004
SIGPIPE: [libjvm.so+0x810330], sa_mask[0]=0x7ffbfeff, sa_flags=0x10000004
SIGXFSZ: [libjvm.so+0x810330], sa_mask[0]=0x7ffbfeff, sa_flags=0x10000004
SIGILL: [libjvm.so+0x810330], sa_mask[0]=0x7ffbfeff, sa_flags=0x10000004
SIGUSR1: SIG_DFL, sa_mask[0]=0x00000000, sa_flags=0x00000000
SIGUSR2: [libjvm.so+0x811820], sa_mask[0]=0x00000004, sa_flags=0x10000004
SIGHUP: SIG_DFL, sa_mask[0]=0x00000000, sa_flags=0x00000000
SIGINT: SIG_DFL, sa_mask[0]=0x00000000, sa_flags=0x00000000
SIGTERM: SIG_DFL, sa_mask[0]=0x00000000, sa_flags=0x00000000
SIGQUIT: SIG_DFL, sa_mask[0]=0x00000000, sa_flags=0x00000000


---------------  S Y S T E M  ---------------

OS:Gentoo Base System release 2.2

uname:Linux 3.12.6 #1 SMP Sat Jan 4 14:54:09 EST 2014 x86_64
libc:glibc 2.16 NPTL 2.16 
rlimit: STACK 8192k, CORE 0k, NPROC 256, NOFILE 4096, AS infinity
load average:0.04 0.04 0.05

/proc/meminfo:
MemTotal:        8129712 kB
MemFree:         6360728 kB
Buffers:           63956 kB
Cached:           748580 kB
SwapCached:            0 kB
Active:          1297392 kB
Inactive:         327840 kB
Active(anon):     813964 kB
Inactive(anon):     9104 kB
Active(file):     483428 kB
Inactive(file):   318736 kB
Unevictable:           0 kB
Mlocked:               0 kB
SwapTotal:      16787920 kB
SwapFree:       16787920 kB
Dirty:                 4 kB
Writeback:             0 kB
AnonPages:        812728 kB
Mapped:           106144 kB
Shmem:             10420 kB
Slab:              97076 kB
SReclaimable:      74920 kB
SUnreclaim:        22156 kB
KernelStack:        3088 kB
PageTables:        13364 kB
NFS_Unstable:          0 kB
Bounce:                0 kB
WritebackTmp:          0 kB
CommitLimit:    20852776 kB
Committed_AS:    2911332 kB
VmallocTotal:   34359738367 kB
VmallocUsed:       89644 kB
VmallocChunk:   34359556107 kB
DirectMap4k:       13776 kB
DirectMap2M:     8331264 kB


CPU:total 8 (4 cores per cpu, 2 threads per core) family 6 model 42 stepping 7, cmov, cx8, fxsr, mmx, sse, sse2, sse3, ssse3, sse4.1, sse4.2, popcnt, avx, aes, ht, tsc, tscinvbit

/proc/cpuinfo:
processor	: 0
vendor_id	: GenuineIntel
cpu family	: 6
model		: 42
model name	: Intel(R) Core(TM) i7-2600 CPU @ 3.40GHz
stepping	: 7
microcode	: 0x25
cpu MHz		: 2034.156
cache size	: 8192 KB
physical id	: 0
siblings	: 8
core id		: 0
cpu cores	: 4
apicid		: 0
initial apicid	: 0
fpu		: yes
fpu_exception	: yes
cpuid level	: 13
wp		: yes
flags		: fpu vme de pse tsc msr pae mce cx8 apic sep mtrr pge mca cmov pat pse36 clflush dts acpi mmx fxsr sse sse2 ss ht tm pbe syscall nx rdtscp lm constant_tsc arch_perfmon pebs bts rep_good nopl xtopology nonstop_tsc aperfmperf eagerfpu pni pclmulqdq dtes64 monitor ds_cpl vmx smx est tm2 ssse3 cx16 xtpr pdcm pcid sse4_1 sse4_2 x2apic popcnt tsc_deadline_timer aes xsave avx lahf_lm ida arat epb xsaveopt pln pts dtherm tpr_shadow vnmi flexpriority ept vpid
bogomips	: 6784.56
clflush size	: 64
cache_alignment	: 64
address sizes	: 36 bits physical, 48 bits virtual
power management:

processor	: 1
vendor_id	: GenuineIntel
cpu family	: 6
model		: 42
model name	: Intel(R) Core(TM) i7-2600 CPU @ 3.40GHz
stepping	: 7
microcode	: 0x25
cpu MHz		: 2025.257
cache size	: 8192 KB
physical id	: 0
siblings	: 8
core id		: 1
cpu cores	: 4
apicid		: 2
initial apicid	: 2
fpu		: yes
fpu_exception	: yes
cpuid level	: 13
wp		: yes
flags		: fpu vme de pse tsc msr pae mce cx8 apic sep mtrr pge mca cmov pat pse36 clflush dts acpi mmx fxsr sse sse2 ss ht tm pbe syscall nx rdtscp lm constant_tsc arch_perfmon pebs bts rep_good nopl xtopology nonstop_tsc aperfmperf eagerfpu pni pclmulqdq dtes64 monitor ds_cpl vmx smx est tm2 ssse3 cx16 xtpr pdcm pcid sse4_1 sse4_2 x2apic popcnt tsc_deadline_timer aes xsave avx lahf_lm ida arat epb xsaveopt pln pts dtherm tpr_shadow vnmi flexpriority ept vpid
bogomips	: 6784.56
clflush size	: 64
cache_alignment	: 64
address sizes	: 36 bits physical, 48 bits virtual
power management:

processor	: 2
vendor_id	: GenuineIntel
cpu family	: 6
model		: 42
model name	: Intel(R) Core(TM) i7-2600 CPU @ 3.40GHz
stepping	: 7
microcode	: 0x25
cpu MHz		: 2197.648
cache size	: 8192 KB
physical id	: 0
siblings	: 8
core id		: 2
cpu cores	: 4
apicid		: 4
initial apicid	: 4
fpu		: yes
fpu_exception	: yes
cpuid level	: 13
wp		: yes
flags		: fpu vme de pse tsc msr pae mce cx8 apic sep mtrr pge mca cmov pat pse36 clflush dts acpi mmx fxsr sse sse2 ss ht tm pbe syscall nx rdtscp lm constant_tsc arch_perfmon pebs bts rep_good nopl xtopology nonstop_tsc aperfmperf eagerfpu pni pclmulqdq dtes64 monitor ds_cpl vmx smx est tm2 ssse3 cx16 xtpr pdcm pcid sse4_1 sse4_2 x2apic popcnt tsc_deadline_timer aes xsave avx lahf_lm ida arat epb xsaveopt pln pts dtherm tpr_shadow vnmi flexpriority ept vpid
bogomips	: 6784.56
clflush size	: 64
cache_alignment	: 64
address sizes	: 36 bits physical, 48 bits virtual
power management:

processor	: 3
vendor_id	: GenuineIntel
cpu family	: 6
model		: 42
model name	: Intel(R) Core(TM) i7-2600 CPU @ 3.40GHz
stepping	: 7
microcode	: 0x25
cpu MHz		: 1878.765
cache size	: 8192 KB
physical id	: 0
siblings	: 8
core id		: 3
cpu cores	: 4
apicid		: 6
initial apicid	: 6
fpu		: yes
fpu_exception	: yes
cpuid level	: 13
wp		: yes
flags		: fpu vme de pse tsc msr pae mce cx8 apic sep mtrr pge mca cmov pat pse36 clflush dts acpi mmx fxsr sse sse2 ss ht tm pbe syscall nx rdtscp lm constant_tsc arch_perfmon pebs bts rep_good nopl xtopology nonstop_tsc aperfmperf eagerfpu pni pclmulqdq dtes64 monitor ds_cpl vmx smx est tm2 ssse3 cx16 xtpr pdcm pcid sse4_1 sse4_2 x2apic popcnt tsc_deadline_timer aes xsave avx lahf_lm ida arat epb xsaveopt pln pts dtherm tpr_shadow vnmi flexpriority ept vpid
bogomips	: 6784.56
clflush size	: 64
cache_alignment	: 64
address sizes	: 36 bits physical, 48 bits virtual
power management:

processor	: 4
vendor_id	: GenuineIntel
cpu family	: 6
model		: 42
model name	: Intel(R) Core(TM) i7-2600 CPU @ 3.40GHz
stepping	: 7
microcode	: 0x25
cpu MHz		: 2013.304
cache size	: 8192 KB
physical id	: 0
siblings	: 8
core id		: 0
cpu cores	: 4
apicid		: 1
initial apicid	: 1
fpu		: yes
fpu_exception	: yes
cpuid level	: 13
wp		: yes
flags		: fpu vme de pse tsc msr pae mce cx8 apic sep mtrr pge mca cmov pat pse36 clflush dts acpi mmx fxsr sse sse2 ss ht tm pbe syscall nx rdtscp lm constant_tsc arch_perfmon pebs bts rep_good nopl xtopology nonstop_tsc aperfmperf eagerfpu pni pclmulqdq dtes64 monitor ds_cpl vmx smx est tm2 ssse3 cx16 xtpr pdcm pcid sse4_1 sse4_2 x2apic popcnt tsc_deadline_timer aes xsave avx lahf_lm ida arat epb xsaveopt pln pts dtherm tpr_shadow vnmi flexpriority ept vpid
bogomips	: 6784.56
clflush size	: 64
cache_alignment	: 64
address sizes	: 36 bits physical, 48 bits virtual
power management:

processor	: 5
vendor_id	: GenuineIntel
cpu family	: 6
model		: 42
model name	: Intel(R) Core(TM) i7-2600 CPU @ 3.40GHz
stepping	: 7
microcode	: 0x25
cpu MHz		: 1599.992
cache size	: 8192 KB
physical id	: 0
siblings	: 8
core id		: 1
cpu cores	: 4
apicid		: 3
initial apicid	: 3
fpu		: yes
fpu_exception	: yes
cpuid level	: 13
wp		: yes
flags		: fpu vme de pse tsc msr pae mce cx8 apic sep mtrr pge mca cmov pat pse36 clflush dts acpi mmx fxsr sse sse2 ss ht tm pbe syscall nx rdtscp lm constant_tsc arch_perfmon pebs bts rep_good nopl xtopology nonstop_tsc aperfmperf eagerfpu pni pclmulqdq dtes64 monitor ds_cpl vmx smx est tm2 ssse3 cx16 xtpr pdcm pcid sse4_1 sse4_2 x2apic popcnt tsc_deadline_timer aes xsave avx lahf_lm ida arat epb xsaveopt pln pts dtherm tpr_shadow vnmi flexpriority ept vpid
bogomips	: 6784.56
clflush size	: 64
cache_alignment	: 64
address sizes	: 36 bits physical, 48 bits virtual
power management:

processor	: 6
vendor_id	: GenuineIntel
cpu family	: 6
model		: 42
model name	: Intel(R) Core(TM) i7-2600 CPU @ 3.40GHz
stepping	: 7
microcode	: 0x25
cpu MHz		: 2050.625
cache size	: 8192 KB
physical id	: 0
siblings	: 8
core id		: 2
cpu cores	: 4
apicid		: 5
initial apicid	: 5
fpu		: yes
fpu_exception	: yes
cpuid level	: 13
wp		: yes
flags		: fpu vme de pse tsc msr pae mce cx8 apic sep mtrr pge mca cmov pat pse36 clflush dts acpi mmx fxsr sse sse2 ss ht tm pbe syscall nx rdtscp lm constant_tsc arch_perfmon pebs bts rep_good nopl xtopology nonstop_tsc aperfmperf eagerfpu pni pclmulqdq dtes64 monitor ds_cpl vmx smx est tm2 ssse3 cx16 xtpr pdcm pcid sse4_1 sse4_2 x2apic popcnt tsc_deadline_timer aes xsave avx lahf_lm ida arat epb xsaveopt pln pts dtherm tpr_shadow vnmi flexpriority ept vpid
bogomips	: 6784.56
clflush size	: 64
cache_alignment	: 64
address sizes	: 36 bits physical, 48 bits virtual
power management:

processor	: 7
vendor_id	: GenuineIntel
cpu family	: 6
model		: 42
model name	: Intel(R) Core(TM) i7-2600 CPU @ 3.40GHz
stepping	: 7
microcode	: 0x25
cpu MHz		: 2063.640
cache size	: 8192 KB
physical id	: 0
siblings	: 8
core id		: 3
cpu cores	: 4
apicid		: 7
initial apicid	: 7
fpu		: yes
fpu_exception	: yes
cpuid level	: 13
wp		: yes
flags		: fpu vme de pse tsc msr pae mce cx8 apic sep mtrr pge mca cmov pat pse36 clflush dts acpi mmx fxsr sse sse2 ss ht tm pbe syscall nx rdtscp lm constant_tsc arch_perfmon pebs bts rep_good nopl xtopology nonstop_tsc aperfmperf eagerfpu pni pclmulqdq dtes64 monitor ds_cpl vmx smx est tm2 ssse3 cx16 xtpr pdcm pcid sse4_1 sse4_2 x2apic popcnt tsc_deadline_timer aes xsave avx lahf_lm ida arat epb xsaveopt pln pts dtherm tpr_shadow vnmi flexpriority ept vpid
bogomips	: 6784.56
clflush size	: 64
cache_alignment	: 64
address sizes	: 36 bits physical, 48 bits virtual
power management:



Memory: 4k page, physical 8129712k(6360728k free), swap 16787920k(16787920k free)

vm_info: Java HotSpot(TM) 64-Bit Server VM (24.45-b08) for linux-amd64 JRE (1.7.0_45-b18), built on Oct  8 2013 05:44:25 by "java_re" with gcc 4.3.0 20080428 (Red Hat 4.3.0-8)

time: Wed Apr 23 10:21:32 2014
elapsed time: 0 seconds

