#
# There is insufficient memory for the Java Runtime Environment to continue.
# Cannot create GC thread. Out of system resources.
# Possible reasons:
#   The system is out of physical RAM or swap space
#   In 32 bit mode, the process size limit was hit
# Possible solutions:
#   Reduce memory load on the system
#   Increase physical memory or swap space
#   Check if swap backing store is full
#   Use 64 bit Java on a 64 bit OS
#   Decrease Java heap size (-Xmx/-Xms)
#   Decrease number of Java threads
#   Decrease Java thread stack sizes (-Xss)
#   Set larger code cache with -XX:ReservedCodeCacheSize=
# This output file may be truncated or incomplete.
#
#  Out of Memory Error (gcTaskThread.cpp:46), pid=2480, tid=139924827563776
#
# JRE version:  (7.0_45-b18) (build )
# Java VM: Java HotSpot(TM) 64-Bit Server VM (24.45-b08 mixed mode linux-amd64 compressed oops)
# Failed to write core dump. Core dumps have been disabled. To enable core dumping, try "ulimit -c unlimited" before starting Java again
#

---------------  T H R E A D  ---------------

Current thread (0x00000000025aa000):  JavaThread "Unknown thread" [_thread_in_vm, id=2480, stack(0x00007fff86b68000,0x00007fff86c68000)]

Stack: [0x00007fff86b68000,0x00007fff86c68000],  sp=0x00007fff86c62290,  free space=1000k
Native frames: (J=compiled Java code, j=interpreted, Vv=VM code, C=native code)
V  [libjvm.so+0x992c8a]  VMError::report_and_die()+0x2ea
V  [libjvm.so+0x49319b]  report_vm_out_of_memory(char const*, int, unsigned long, char const*)+0x9b
V  [libjvm.so+0x55130a]  GCTaskThread::GCTaskThread(GCTaskManager*, unsigned int, unsigned int)+0x11a
V  [libjvm.so+0x550888]  GCTaskManager::initialize()+0x2b8
V  [libjvm.so+0x83415c]  ParallelScavengeHeap::initialize()+0x76c
V  [libjvm.so+0x96625a]  Universe::initialize_heap()+0xca
V  [libjvm.so+0x967429]  universe_init()+0x79
V  [libjvm.so+0x5a9645]  init_globals()+0x65
V  [libjvm.so+0x94ed1d]  Threads::create_vm(JavaVMInitArgs*, bool*)+0x1ed
V  [libjvm.so+0x630804]  JNI_CreateJavaVM+0x74
C  [libjli.so+0x2f8e]  JavaMain+0x9e
C  [libjli.so+0xd4d3]  ContinueInNewThread0+0x63
C  [libjli.so+0x258a]  ContinueInNewThread+0x7a
C  [libjli.so+0x50e0]  JLI_Launch+0x480
C  [java+0x686]  __libc_start_main@@GLIBC_2.2.5+0x686


---------------  P R O C E S S  ---------------

Java Threads: ( => current thread )

Other Threads:

=>0x00000000025aa000 (exited) JavaThread "Unknown thread" [_thread_in_vm, id=2480, stack(0x00007fff86b68000,0x00007fff86c68000)]

VM state:not at safepoint (not fully initialized)

VM Mutex/Monitor currently owned by a thread: None

GC Heap History (0 events):
No events

Deoptimization events (0 events):
No events

Internal exceptions (0 events):
No events

Events (0 events):
No events


Dynamic libraries:
00400000-00401000 r-xp 00000000 08:07 99053                              /usr/opt/oracle-jdk-bin-1.7.0.45/bin/java
00600000-00601000 rw-p 00000000 08:07 99053                              /usr/opt/oracle-jdk-bin-1.7.0.45/bin/java
025a1000-025e5000 rw-p 00000000 00:00 0                                  [heap]
77ec00000-780100000 rw-p 00000000 00:00 0 
780100000-783e00000 rw-p 00000000 00:00 0 
783e00000-789080000 rw-p 00000000 00:00 0 
789080000-7d6a00000 rw-p 00000000 00:00 0 
7d6a00000-7d9380000 rw-p 00000000 00:00 0 
7d9380000-800000000 rw-p 00000000 00:00 0 
7f42c3b09000-7f42c3d78000 rw-p 00000000 00:00 0 
7f42c3d78000-7f42c3fe4000 rw-p 00000000 00:00 0 
7f42c3fe4000-7f42c3fef000 rw-p 00000000 00:00 0 
7f42c3fef000-7f42c400d000 rw-p 00000000 00:00 0 
7f42c400d000-7f42c4037000 rw-p 00000000 00:00 0 
7f42c4037000-7f42c42a3000 rw-p 00000000 00:00 0 
7f42c42a3000-7f42c42b8000 rw-p 00000000 00:00 0 
7f42c42b8000-7f42c43ee000 rw-p 00000000 00:00 0 
7f42c43ee000-7f42c43f9000 rw-p 00000000 00:00 0 
7f42c43f9000-7f42c44af000 rw-p 00000000 00:00 0 
7f42c44af000-7f42c471f000 rwxp 00000000 00:00 0 
7f42c471f000-7f42c74af000 rw-p 00000000 00:00 0 
7f42c74af000-7f42c74c9000 r-xp 00000000 08:07 60422                      /usr/opt/oracle-jdk-bin-1.7.0.45/jre/lib/amd64/libzip.so
7f42c74c9000-7f42c76c9000 ---p 0001a000 08:07 60422                      /usr/opt/oracle-jdk-bin-1.7.0.45/jre/lib/amd64/libzip.so
7f42c76c9000-7f42c76ca000 rw-p 0001a000 08:07 60422                      /usr/opt/oracle-jdk-bin-1.7.0.45/jre/lib/amd64/libzip.so
7f42c76ca000-7f42c76f3000 r-xp 00000000 08:07 60451                      /usr/opt/oracle-jdk-bin-1.7.0.45/jre/lib/amd64/libjava.so
7f42c76f3000-7f42c78f3000 ---p 00029000 08:07 60451                      /usr/opt/oracle-jdk-bin-1.7.0.45/jre/lib/amd64/libjava.so
7f42c78f3000-7f42c78f5000 rw-p 00029000 08:07 60451                      /usr/opt/oracle-jdk-bin-1.7.0.45/jre/lib/amd64/libjava.so
7f42c78f5000-7f42c7902000 r-xp 00000000 08:07 60428                      /usr/opt/oracle-jdk-bin-1.7.0.45/jre/lib/amd64/libverify.so
7f42c7902000-7f42c7b01000 ---p 0000d000 08:07 60428                      /usr/opt/oracle-jdk-bin-1.7.0.45/jre/lib/amd64/libverify.so
7f42c7b01000-7f42c7b03000 rw-p 0000c000 08:07 60428                      /usr/opt/oracle-jdk-bin-1.7.0.45/jre/lib/amd64/libverify.so
7f42c7b03000-7f42c7b0a000 r-xp 00000000 08:02 7337                       /lib64/librt-2.16.so
7f42c7b0a000-7f42c7d09000 ---p 00007000 08:02 7337                       /lib64/librt-2.16.so
7f42c7d09000-7f42c7d0a000 r--p 00006000 08:02 7337                       /lib64/librt-2.16.so
7f42c7d0a000-7f42c7d0b000 rw-p 00007000 08:02 7337                       /lib64/librt-2.16.so
7f42c7d0b000-7f42c7e03000 r-xp 00000000 08:02 7274                       /lib64/libm-2.16.so
7f42c7e03000-7f42c8003000 ---p 000f8000 08:02 7274                       /lib64/libm-2.16.so
7f42c8003000-7f42c8004000 r--p 000f8000 08:02 7274                       /lib64/libm-2.16.so
7f42c8004000-7f42c8005000 rw-p 000f9000 08:02 7274                       /lib64/libm-2.16.so
7f42c8005000-7f42c8b67000 r-xp 00000000 08:07 60436                      /usr/opt/oracle-jdk-bin-1.7.0.45/jre/lib/amd64/server/libjvm.so
7f42c8b67000-7f42c8d67000 ---p 00b62000 08:07 60436                      /usr/opt/oracle-jdk-bin-1.7.0.45/jre/lib/amd64/server/libjvm.so
7f42c8d67000-7f42c8e2a000 rw-p 00b62000 08:07 60436                      /usr/opt/oracle-jdk-bin-1.7.0.45/jre/lib/amd64/server/libjvm.so
7f42c8e2a000-7f42c8e6b000 rw-p 00000000 00:00 0 
7f42c8e6b000-7f42c9009000 r-xp 00000000 08:02 7328                       /lib64/libc-2.16.so
7f42c9009000-7f42c9208000 ---p 0019e000 08:02 7328                       /lib64/libc-2.16.so
7f42c9208000-7f42c920c000 r--p 0019d000 08:02 7328                       /lib64/libc-2.16.so
7f42c920c000-7f42c920e000 rw-p 001a1000 08:02 7328                       /lib64/libc-2.16.so
7f42c920e000-7f42c9212000 rw-p 00000000 00:00 0 
7f42c9212000-7f42c9215000 r-xp 00000000 08:02 7330                       /lib64/libdl-2.16.so
7f42c9215000-7f42c9414000 ---p 00003000 08:02 7330                       /lib64/libdl-2.16.so
7f42c9414000-7f42c9415000 r--p 00002000 08:02 7330                       /lib64/libdl-2.16.so
7f42c9415000-7f42c9416000 rw-p 00003000 08:02 7330                       /lib64/libdl-2.16.so
7f42c9416000-7f42c942c000 r-xp 00000000 08:07 106642                     /usr/opt/oracle-jdk-bin-1.7.0.45/lib/amd64/jli/libjli.so
7f42c942c000-7f42c962c000 ---p 00016000 08:07 106642                     /usr/opt/oracle-jdk-bin-1.7.0.45/lib/amd64/jli/libjli.so
7f42c962c000-7f42c962d000 rw-p 00016000 08:07 106642                     /usr/opt/oracle-jdk-bin-1.7.0.45/lib/amd64/jli/libjli.so
7f42c962d000-7f42c9645000 r-xp 00000000 08:02 7325                       /lib64/libpthread-2.16.so
7f42c9645000-7f42c9844000 ---p 00018000 08:02 7325                       /lib64/libpthread-2.16.so
7f42c9844000-7f42c9845000 r--p 00017000 08:02 7325                       /lib64/libpthread-2.16.so
7f42c9845000-7f42c9846000 rw-p 00018000 08:02 7325                       /lib64/libpthread-2.16.so
7f42c9846000-7f42c984a000 rw-p 00000000 00:00 0 
7f42c984a000-7f42c986c000 r-xp 00000000 08:02 7305                       /lib64/ld-2.16.so
7f42c98e6000-7f42c98f1000 rw-p 00000000 00:00 0 
7f42c98f1000-7f42c990f000 rw-p 00000000 00:00 0 
7f42c990f000-7f42c9944000 r--s 00000000 08:05 62267                      /var/run/nscd/dbTJEmHq (deleted)
7f42c9944000-7f42c9945000 ---p 00000000 00:00 0 
7f42c9945000-7f42c9a49000 rw-p 00000000 00:00 0 
7f42c9a5d000-7f42c9a60000 rw-p 00000000 00:00 0 
7f42c9a60000-7f42c9a68000 rw-s 00000000 00:0f 2357053                    /tmp/hsperfdata_oawofeso/2480
7f42c9a68000-7f42c9a69000 rw-p 00000000 00:00 0 
7f42c9a69000-7f42c9a6a000 r--p 00000000 00:00 0 
7f42c9a6a000-7f42c9a6b000 rw-p 00000000 00:00 0 
7f42c9a6b000-7f42c9a6c000 r--p 00021000 08:02 7305                       /lib64/ld-2.16.so
7f42c9a6c000-7f42c9a6d000 rw-p 00022000 08:02 7305                       /lib64/ld-2.16.so
7f42c9a6d000-7f42c9a6e000 rw-p 00000000 00:00 0 
7fff86b68000-7fff86b6b000 ---p 00000000 00:00 0 
7fff86b6c000-7fff86c68000 rw-p 00000000 00:00 0                          [stack]
7fff86d63000-7fff86d64000 r-xp 00000000 00:00 0                          [vdso]
ffffffffff600000-ffffffffff601000 r-xp 00000000 00:00 0                  [vsyscall]

VM Arguments:
jvm_args: -Dfile.encoding=ANSI_X3.4-1968 
java_command: Lab14
Launcher Type: SUN_STANDARD

Environment Variables:
PATH=/usr/local/bin:/bin:/usr/bin:/sbin:/usr/sbin:/usr/x86_64-pc-linux-gnu/gcc-bin/4.7.3:/usr/games/bin
USERNAME=oawofeso
LD_LIBRARY_PATH=/usr/lib
SHELL=/usr/local/bin/bash
DISPLAY=:0.0

Signal Handlers:
SIGSEGV: [libjvm.so+0x9935b0], sa_mask[0]=0x7ffbfeff, sa_flags=0x10000004
SIGBUS: [libjvm.so+0x9935b0], sa_mask[0]=0x7ffbfeff, sa_flags=0x10000004
SIGFPE: [libjvm.so+0x810330], sa_mask[0]=0x7ffbfeff, sa_flags=0x10000004
SIGPIPE: [libjvm.so+0x810330], sa_mask[0]=0x7ffbfeff, sa_flags=0x10000004
SIGXFSZ: [libjvm.so+0x810330], sa_mask[0]=0x7ffbfeff, sa_flags=0x10000004
SIGILL: [libjvm.so+0x810330], sa_mask[0]=0x7ffbfeff, sa_flags=0x10000004
SIGUSR1: SIG_DFL, sa_mask[0]=0x00000000, sa_flags=0x00000000
SIGUSR2: [libjvm.so+0x811820], sa_mask[0]=0x00000004, sa_flags=0x10000004
SIGHUP: SIG_DFL, sa_mask[0]=0x00000000, sa_flags=0x00000000
SIGINT: SIG_DFL, sa_mask[0]=0x00000000, sa_flags=0x00000000
SIGTERM: SIG_DFL, sa_mask[0]=0x00000000, sa_flags=0x00000000
SIGQUIT: SIG_DFL, sa_mask[0]=0x00000000, sa_flags=0x00000000


---------------  S Y S T E M  ---------------

OS:Gentoo Base System release 2.2

uname:Linux 3.12.6 #1 SMP Sat Jan 4 14:54:09 EST 2014 x86_64
libc:glibc 2.16 NPTL 2.16 
rlimit: STACK 8192k, CORE 0k, NPROC 256, NOFILE 4096, AS infinity
load average:0.38 0.15 0.08

/proc/meminfo:
MemTotal:        8129712 kB
MemFree:         6225784 kB
Buffers:           64008 kB
Cached:           750232 kB
SwapCached:            0 kB
Active:          1432332 kB
Inactive:         328016 kB
Active(anon):     947380 kB
Inactive(anon):     9328 kB
Active(file):     484952 kB
Inactive(file):   318688 kB
Unevictable:           0 kB
Mlocked:               0 kB
SwapTotal:      16787920 kB
SwapFree:       16787920 kB
Dirty:               112 kB
Writeback:             0 kB
AnonPages:        946112 kB
Mapped:           106272 kB
Shmem:             10648 kB
Slab:              97392 kB
SReclaimable:      75064 kB
SUnreclaim:        22328 kB
KernelStack:        3112 kB
PageTables:        13716 kB
NFS_Unstable:          0 kB
Bounce:                0 kB
WritebackTmp:          0 kB
CommitLimit:    20852776 kB
Committed_AS:    3145276 kB
VmallocTotal:   34359738367 kB
VmallocUsed:       89644 kB
VmallocChunk:   34359556107 kB
DirectMap4k:       13776 kB
DirectMap2M:     8331264 kB


CPU:total 8 (4 cores per cpu, 2 threads per core) family 6 model 42 stepping 7, cmov, cx8, fxsr, mmx, sse, sse2, sse3, ssse3, sse4.1, sse4.2, popcnt, avx, aes, ht, tsc, tscinvbit

/proc/cpuinfo:
processor	: 0
vendor_id	: GenuineIntel
cpu family	: 6
model		: 42
model name	: Intel(R) Core(TM) i7-2600 CPU @ 3.40GHz
stepping	: 7
microcode	: 0x25
cpu MHz		: 3502.664
cache size	: 8192 KB
physical id	: 0
siblings	: 8
core id		: 0
cpu cores	: 4
apicid		: 0
initial apicid	: 0
fpu		: yes
fpu_exception	: yes
cpuid level	: 13
wp		: yes
flags		: fpu vme de pse tsc msr pae mce cx8 apic sep mtrr pge mca cmov pat pse36 clflush dts acpi mmx fxsr sse sse2 ss ht tm pbe syscall nx rdtscp lm constant_tsc arch_perfmon pebs bts rep_good nopl xtopology nonstop_tsc aperfmperf eagerfpu pni pclmulqdq dtes64 monitor ds_cpl vmx smx est tm2 ssse3 cx16 xtpr pdcm pcid sse4_1 sse4_2 x2apic popcnt tsc_deadline_timer aes xsave avx lahf_lm ida arat epb xsaveopt pln pts dtherm tpr_shadow vnmi flexpriority ept vpid
bogomips	: 6784.56
clflush size	: 64
cache_alignment	: 64
address sizes	: 36 bits physical, 48 bits virtual
power management:

processor	: 1
vendor_id	: GenuineIntel
cpu family	: 6
model		: 42
model name	: Intel(R) Core(TM) i7-2600 CPU @ 3.40GHz
stepping	: 7
microcode	: 0x25
cpu MHz		: 3499.875
cache size	: 8192 KB
physical id	: 0
siblings	: 8
core id		: 1
cpu cores	: 4
apicid		: 2
initial apicid	: 2
fpu		: yes
fpu_exception	: yes
cpuid level	: 13
wp		: yes
flags		: fpu vme de pse tsc msr pae mce cx8 apic sep mtrr pge mca cmov pat pse36 clflush dts acpi mmx fxsr sse sse2 ss ht tm pbe syscall nx rdtscp lm constant_tsc arch_perfmon pebs bts rep_good nopl xtopology nonstop_tsc aperfmperf eagerfpu pni pclmulqdq dtes64 monitor ds_cpl vmx smx est tm2 ssse3 cx16 xtpr pdcm pcid sse4_1 sse4_2 x2apic popcnt tsc_deadline_timer aes xsave avx lahf_lm ida arat epb xsaveopt pln pts dtherm tpr_shadow vnmi flexpriority ept vpid
bogomips	: 6784.56
clflush size	: 64
cache_alignment	: 64
address sizes	: 36 bits physical, 48 bits virtual
power management:

processor	: 2
vendor_id	: GenuineIntel
cpu family	: 6
model		: 42
model name	: Intel(R) Core(TM) i7-2600 CPU @ 3.40GHz
stepping	: 7
microcode	: 0x25
cpu MHz		: 3502.531
cache size	: 8192 KB
physical id	: 0
siblings	: 8
core id		: 2
cpu cores	: 4
apicid		: 4
initial apicid	: 4
fpu		: yes
fpu_exception	: yes
cpuid level	: 13
wp		: yes
flags		: fpu vme de pse tsc msr pae mce cx8 apic sep mtrr pge mca cmov pat pse36 clflush dts acpi mmx fxsr sse sse2 ss ht tm pbe syscall nx rdtscp lm constant_tsc arch_perfmon pebs bts rep_good nopl xtopology nonstop_tsc aperfmperf eagerfpu pni pclmulqdq dtes64 monitor ds_cpl vmx smx est tm2 ssse3 cx16 xtpr pdcm pcid sse4_1 sse4_2 x2apic popcnt tsc_deadline_timer aes xsave avx lahf_lm ida arat epb xsaveopt pln pts dtherm tpr_shadow vnmi flexpriority ept vpid
bogomips	: 6784.56
clflush size	: 64
cache_alignment	: 64
address sizes	: 36 bits physical, 48 bits virtual
power management:

processor	: 3
vendor_id	: GenuineIntel
cpu family	: 6
model		: 42
model name	: Intel(R) Core(TM) i7-2600 CPU @ 3.40GHz
stepping	: 7
microcode	: 0x25
cpu MHz		: 3505.453
cache size	: 8192 KB
physical id	: 0
siblings	: 8
core id		: 3
cpu cores	: 4
apicid		: 6
initial apicid	: 6
fpu		: yes
fpu_exception	: yes
cpuid level	: 13
wp		: yes
flags		: fpu vme de pse tsc msr pae mce cx8 apic sep mtrr pge mca cmov pat pse36 clflush dts acpi mmx fxsr sse sse2 ss ht tm pbe syscall nx rdtscp lm constant_tsc arch_perfmon pebs bts rep_good nopl xtopology nonstop_tsc aperfmperf eagerfpu pni pclmulqdq dtes64 monitor ds_cpl vmx smx est tm2 ssse3 cx16 xtpr pdcm pcid sse4_1 sse4_2 x2apic popcnt tsc_deadline_timer aes xsave avx lahf_lm ida arat epb xsaveopt pln pts dtherm tpr_shadow vnmi flexpriority ept vpid
bogomips	: 6784.56
clflush size	: 64
cache_alignment	: 64
address sizes	: 36 bits physical, 48 bits virtual
power management:

processor	: 4
vendor_id	: GenuineIntel
cpu family	: 6
model		: 42
model name	: Intel(R) Core(TM) i7-2600 CPU @ 3.40GHz
stepping	: 7
microcode	: 0x25
cpu MHz		: 3504.390
cache size	: 8192 KB
physical id	: 0
siblings	: 8
core id		: 0
cpu cores	: 4
apicid		: 1
initial apicid	: 1
fpu		: yes
fpu_exception	: yes
cpuid level	: 13
wp		: yes
flags		: fpu vme de pse tsc msr pae mce cx8 apic sep mtrr pge mca cmov pat pse36 clflush dts acpi mmx fxsr sse sse2 ss ht tm pbe syscall nx rdtscp lm constant_tsc arch_perfmon pebs bts rep_good nopl xtopology nonstop_tsc aperfmperf eagerfpu pni pclmulqdq dtes64 monitor ds_cpl vmx smx est tm2 ssse3 cx16 xtpr pdcm pcid sse4_1 sse4_2 x2apic popcnt tsc_deadline_timer aes xsave avx lahf_lm ida arat epb xsaveopt pln pts dtherm tpr_shadow vnmi flexpriority ept vpid
bogomips	: 6784.56
clflush size	: 64
cache_alignment	: 64
address sizes	: 36 bits physical, 48 bits virtual
power management:

processor	: 5
vendor_id	: GenuineIntel
cpu family	: 6
model		: 42
model name	: Intel(R) Core(TM) i7-2600 CPU @ 3.40GHz
stepping	: 7
microcode	: 0x25
cpu MHz		: 3508.906
cache size	: 8192 KB
physical id	: 0
siblings	: 8
core id		: 1
cpu cores	: 4
apicid		: 3
initial apicid	: 3
fpu		: yes
fpu_exception	: yes
cpuid level	: 13
wp		: yes
flags		: fpu vme de pse tsc msr pae mce cx8 apic sep mtrr pge mca cmov pat pse36 clflush dts acpi mmx fxsr sse sse2 ss ht tm pbe syscall nx rdtscp lm constant_tsc arch_perfmon pebs bts rep_good nopl xtopology nonstop_tsc aperfmperf eagerfpu pni pclmulqdq dtes64 monitor ds_cpl vmx smx est tm2 ssse3 cx16 xtpr pdcm pcid sse4_1 sse4_2 x2apic popcnt tsc_deadline_timer aes xsave avx lahf_lm ida arat epb xsaveopt pln pts dtherm tpr_shadow vnmi flexpriority ept vpid
bogomips	: 6784.56
clflush size	: 64
cache_alignment	: 64
address sizes	: 36 bits physical, 48 bits virtual
power management:

processor	: 6
vendor_id	: GenuineIntel
cpu family	: 6
model		: 42
model name	: Intel(R) Core(TM) i7-2600 CPU @ 3.40GHz
stepping	: 7
microcode	: 0x25
cpu MHz		: 3503.593
cache size	: 8192 KB
physical id	: 0
siblings	: 8
core id		: 2
cpu cores	: 4
apicid		: 5
initial apicid	: 5
fpu		: yes
fpu_exception	: yes
cpuid level	: 13
wp		: yes
flags		: fpu vme de pse tsc msr pae mce cx8 apic sep mtrr pge mca cmov pat pse36 clflush dts acpi mmx fxsr sse sse2 ss ht tm pbe syscall nx rdtscp lm constant_tsc arch_perfmon pebs bts rep_good nopl xtopology nonstop_tsc aperfmperf eagerfpu pni pclmulqdq dtes64 monitor ds_cpl vmx smx est tm2 ssse3 cx16 xtpr pdcm pcid sse4_1 sse4_2 x2apic popcnt tsc_deadline_timer aes xsave avx lahf_lm ida arat epb xsaveopt pln pts dtherm tpr_shadow vnmi flexpriority ept vpid
bogomips	: 6784.56
clflush size	: 64
cache_alignment	: 64
address sizes	: 36 bits physical, 48 bits virtual
power management:

processor	: 7
vendor_id	: GenuineIntel
cpu family	: 6
model		: 42
model name	: Intel(R) Core(TM) i7-2600 CPU @ 3.40GHz
stepping	: 7
microcode	: 0x25
cpu MHz		: 3558.843
cache size	: 8192 KB
physical id	: 0
siblings	: 8
core id		: 3
cpu cores	: 4
apicid		: 7
initial apicid	: 7
fpu		: yes
fpu_exception	: yes
cpuid level	: 13
wp		: yes
flags		: fpu vme de pse tsc msr pae mce cx8 apic sep mtrr pge mca cmov pat pse36 clflush dts acpi mmx fxsr sse sse2 ss ht tm pbe syscall nx rdtscp lm constant_tsc arch_perfmon pebs bts rep_good nopl xtopology nonstop_tsc aperfmperf eagerfpu pni pclmulqdq dtes64 monitor ds_cpl vmx smx est tm2 ssse3 cx16 xtpr pdcm pcid sse4_1 sse4_2 x2apic popcnt tsc_deadline_timer aes xsave avx lahf_lm ida arat epb xsaveopt pln pts dtherm tpr_shadow vnmi flexpriority ept vpid
bogomips	: 6784.56
clflush size	: 64
cache_alignment	: 64
address sizes	: 36 bits physical, 48 bits virtual
power management:



Memory: 4k page, physical 8129712k(6226468k free), swap 16787920k(16787920k free)

vm_info: Java HotSpot(TM) 64-Bit Server VM (24.45-b08) for linux-amd64 JRE (1.7.0_45-b18), built on Oct  8 2013 05:44:25 by "java_re" with gcc 4.3.0 20080428 (Red Hat 4.3.0-8)

time: Wed Apr 23 10:41:08 2014
elapsed time: 0 seconds

